  Garden.cpp
Garden.cpp(45): warning C4305: 'argument': truncation from 'double' to 'float'
Garden.cpp(206): warning C4305: 'initializing': truncation from 'double' to 'const float'
Garden.cpp(207): warning C4305: 'initializing': truncation from 'double' to 'const float'
Garden.cpp(210): warning C4305: 'initializing': truncation from 'double' to 'const float'
Garden.cpp(265): warning C4244: 'argument': conversion from 'double' to 'float', possible loss of data
Garden.cpp(272): warning C4244: 'argument': conversion from 'double' to 'float', possible loss of data
Garden.cpp(272): warning C4244: 'initializing': conversion from 'double' to 'float', possible loss of data
Garden.cpp(292): warning C4018: '<': signed/unsigned mismatch
Garden.cpp(319): warning C4244: 'argument': conversion from 'double' to 'float', possible loss of data
Garden.cpp(320): warning C4244: 'argument': conversion from 'double' to 'float', possible loss of data
Garden.cpp(323): warning C4244: 'argument': conversion from 'double' to 'float', possible loss of data
Garden.cpp(346): warning C4305: 'initializing': truncation from 'double' to 'float'
Garden.cpp(350): warning C4305: 'argument': truncation from 'double' to 'float'
Garden.cpp(361): warning C4305: 'argument': truncation from 'double' to 'float'
Garden.cpp(362): warning C4305: 'argument': truncation from 'double' to 'float'
Garden.cpp(438): warning C4244: 'initializing': conversion from 'double' to 'float', possible loss of data
  Generating code
  3 of 341 functions ( 0.9%) were compiled, the rest were copied from previous compilation.
    0 functions were new in current compilation
    9 functions had inline decision re-evaluated but remain unchanged
  Finished generating code
  Skeleton.vcxproj -> W:\BME\CG\CG_Homework_2\Programs\Skeleton\bin\Skeleton.exe
  Skeleton.vcxproj -> W:\BME\CG\CG_Homework_2\Programs\Skeleton\bin\Skeleton.pdb (Full PDB)
